<?xml version="1.0" encoding="UTF-8"?>
<!-- Generated by org.testng.reporters.JUnitXMLReporter -->
<testsuite ignored="0" hostname="Avinash" failures="1" tests="1" name="Test" time="18.211" errors="0" timestamp="2024-11-04T20:44:15 IST">
  <testcase classname="testCases.TC001_AccountRegistractionTest" name="varify_account_registration" time="10.1">
    <failure type="java.lang.AssertionError" message="expected [true] but found [false]">
      <![CDATA[java.lang.AssertionError: expected [true] but found [false]
at testCases.TC001_AccountRegistractionTest.varify_account_registration(TC001_AccountRegistractionTest.java:57)
at java.base/java.util.ArrayList.forEach(ArrayList.java:1597)
... Removed 29 stack frames]]>
    </failure>
  </testcase> <!-- varify_account_registration -->
</testsuite> <!-- Test -->
